<?xml version="1.0" encoding="UTF-8"?>
<testng-results skipped="0" failed="0" ignored="0" total="1" passed="1">
  <reporter-output>
  </reporter-output>
  <suite name="Default suite" duration-ms="10877" started-at="2018-05-12T04:34:33Z" finished-at="2018-05-12T04:34:44Z">
    <groups>
    </groups>
    <test name="Default test" duration-ms="10877" started-at="2018-05-12T04:34:33Z" finished-at="2018-05-12T04:34:44Z">
      <class name="keyword.driven.framework.Driven">
        <test-method status="PASS" signature="launch()[pri:0, instance:keyword.driven.framework.Driven@77caeb3e]" name="launch" is-config="true" duration-ms="8438" started-at="2018-05-12T04:34:33Z" finished-at="2018-05-12T04:34:41Z">
          <reporter-output>
          </reporter-output>
        </test-method> <!-- launch -->
        <test-method status="PASS" signature="f()[pri:0, instance:keyword.driven.framework.Driven@77caeb3e]" name="f" duration-ms="2185" started-at="2018-05-12T04:34:41Z" finished-at="2018-05-12T04:34:44Z">
          <reporter-output>
          </reporter-output>
        </test-method> <!-- f -->
        <test-method status="PASS" signature="tearDown()[pri:0, instance:keyword.driven.framework.Driven@77caeb3e]" name="tearDown" is-config="true" duration-ms="224" started-at="2018-05-12T04:34:44Z" finished-at="2018-05-12T04:34:44Z">
          <reporter-output>
          </reporter-output>
        </test-method> <!-- tearDown -->
      </class> <!-- keyword.driven.framework.Driven -->
    </test> <!-- Default test -->
  </suite> <!-- Default suite -->
</testng-results>
